DEBUG:root:ISPY1_1008-Scan and Segmentation are Unequal
DEBUG:root:ISPY1_1060-Scan and Segmentation are Unequal
DEBUG:root:ISPY1_1065-Scan and Segmentation are Unequal
DEBUG:root:ISPY1_1069-Scan and Segmentation are Unequal
DEBUG:root:ISPY1_1077-Scan and Segmentation are Unequal
DEBUG:root:ISPY1_1089-Scan and Segmentation are Unequal
DEBUG:root:ISPY1_1094-Scan and Segmentation are Unequal
DEBUG:root:ISPY1_1098-Scan and Segmentation are Unequal
DEBUG:root:ISPY1_1104-Scan and Segmentation are Unequal
DEBUG:root:ISPY1_1106-Scan and Segmentation are Unequal
INFO:root:Not extracted scans for ISPY1_1118
DEBUG:root:ISPY1_1124-Scan and Segmentation are Unequal
DEBUG:root:ISPY1_1125-Scan and Segmentation are Unequal
DEBUG:root:ISPY1_1132-Scan and Segmentation are Unequal
INFO:root:Not extracted scans for ISPY1_1144
DEBUG:root:ISPY1_1157-Scan and Segmentation are Unequal
DEBUG:root:ISPY1_1158-Scan and Segmentation are Unequal
DEBUG:root:ISPY1_1165-Scan and Segmentation are Unequal
INFO:root:Unable to Pre-Processing Patient: ISPY1_1166
DEBUG:root:could not broadcast input array from shape (104,256,256) into shape (256,256)
DEBUG:root:Scan and Segmentation are Unequal
INFO:root:Not extracted scans for ISPY1_1179
DEBUG:root:ISPY1_1184-Scan and Segmentation are Unequal
DEBUG:root:ISPY1_1188-Scan and Segmentation are Unequal
DEBUG:root:ISPY1_1196-Scan and Segmentation are Unequal
