INFO:root:File Data\ISPY1\Image\ISPY1_1079-06-15-1986-987142-BREAST-94550-13-ScanImage.png Convert to (256,256)
INFO:root:File Data\ISPY1\Image\ISPY1_1079-06-15-1986-987142-BREAST-94550-14-ScanImage.png Convert to (256,256)
INFO:root:File Data\ISPY1\Image\ISPY1_1079-06-15-1986-987142-BREAST-94550-15-ScanImage.png Convert to (256,256)
INFO:root:File Data\ISPY1\Image\ISPY1_1079-06-15-1986-987142-BREAST-94550-16-ScanImage.png Convert to (256,256)
INFO:root:File Data\ISPY1\Image\ISPY1_1079-06-15-1986-987142-BREAST-94550-17-ScanImage.png Convert to (256,256)
INFO:root:File Data\ISPY1\Image\ISPY1_1079-06-15-1986-987142-BREAST-94550-18-ScanImage.png Convert to (256,256)
INFO:root:File Data\ISPY1\Image\ISPY1_1079-06-15-1986-987142-BREAST-94550-19-ScanImage.png Convert to (256,256)
INFO:root:File Data\ISPY1\Image\ISPY1_1079-06-15-1986-987142-BREAST-94550-20-ScanImage.png Convert to (256,256)
INFO:root:File Data\ISPY1\Image\ISPY1_1079-06-15-1986-987142-BREAST-94550-21-ScanImage.png Convert to (256,256)
INFO:root:File Data\ISPY1\Image\ISPY1_1079-06-15-1986-987142-BREAST-94550-22-ScanImage.png Convert to (256,256)
INFO:root:File Data\ISPY1\Image\ISPY1_1079-06-15-1986-987142-BREAST-94550-23-ScanImage.png Convert to (256,256)
INFO:root:File Data\ISPY1\Image\ISPY1_1079-06-15-1986-987142-BREAST-94550-24-ScanImage.png Convert to (256,256)
INFO:root:File Data\ISPY1\Image\ISPY1_1079-06-15-1986-987142-BREAST-94550-25-ScanImage.png Convert to (256,256)
INFO:root:File Data\ISPY1\Image\ISPY1_1079-06-15-1986-987142-BREAST-94550-26-ScanImage.png Convert to (256,256)
INFO:root:File Data\ISPY1\Image\ISPY1_1079-06-15-1986-987142-BREAST-94550-27-ScanImage.png Convert to (256,256)
INFO:root:File Data\ISPY1\Image\ISPY1_1079-06-15-1986-987142-BREAST-94550-28-ScanImage.png Convert to (256,256)
INFO:root:File Data\ISPY1\Image\ISPY1_1079-06-15-1986-987142-BREAST-94550-29-ScanImage.png Convert to (256,256)
INFO:root:File Data\ISPY1\Image\ISPY1_1079-06-15-1986-987142-BREAST-94550-30-ScanImage.png Convert to (256,256)
INFO:root:File Data\ISPY1\Image\ISPY1_1079-06-15-1986-987142-BREAST-94550-31-ScanImage.png Convert to (256,256)
INFO:root:File Data\ISPY1\Image\ISPY1_1079-06-15-1986-987142-BREAST-94550-32-ScanImage.png Convert to (256,256)
INFO:root:File Data\ISPY1\Image\ISPY1_1079-06-15-1986-987142-BREAST-94550-5-ScanImage.png Convert to (256,256)
INFO:root:File Data\ISPY1\Image\ISPY1_1103-09-24-1986-871424-BREAST-12918-10-ScanImage.png Convert to (256,256)
INFO:root:File Data\ISPY1\Image\ISPY1_1103-09-24-1986-871424-BREAST-12918-11-ScanImage.png Convert to (256,256)
INFO:root:File Data\ISPY1\Image\ISPY1_1103-09-24-1986-871424-BREAST-12918-12-ScanImage.png Convert to (256,256)
INFO:root:File Data\ISPY1\Image\ISPY1_1103-09-24-1986-871424-BREAST-12918-13-ScanImage.png Convert to (256,256)
INFO:root:File Data\ISPY1\Image\ISPY1_1103-09-24-1986-871424-BREAST-12918-14-ScanImage.png Convert to (256,256)
INFO:root:File Data\ISPY1\Image\ISPY1_1103-09-24-1986-871424-BREAST-12918-15-ScanImage.png Convert to (256,256)
INFO:root:File Data\ISPY1\Image\ISPY1_1103-09-24-1986-871424-BREAST-12918-16-ScanImage.png Convert to (256,256)
INFO:root:File Data\ISPY1\Image\ISPY1_1103-09-24-1986-871424-BREAST-12918-17-ScanImage.png Convert to (256,256)
INFO:root:File Data\ISPY1\Image\ISPY1_1103-09-24-1986-871424-BREAST-12918-18-ScanImage.png Convert to (256,256)
INFO:root:File Data\ISPY1\Image\ISPY1_1103-09-24-1986-871424-BREAST-12918-19-ScanImage.png Convert to (256,256)
INFO:root:File Data\ISPY1\Image\ISPY1_1103-09-24-1986-871424-BREAST-12918-20-ScanImage.png Convert to (256,256)
INFO:root:File Data\ISPY1\Image\ISPY1_1103-09-24-1986-871424-BREAST-12918-21-ScanImage.png Convert to (256,256)
INFO:root:File Data\ISPY1\Image\ISPY1_1103-09-24-1986-871424-BREAST-12918-22-ScanImage.png Convert to (256,256)
INFO:root:File Data\ISPY1\Image\ISPY1_1103-09-24-1986-871424-BREAST-12918-23-ScanImage.png Convert to (256,256)
INFO:root:File Data\ISPY1\Image\ISPY1_1103-09-24-1986-871424-BREAST-12918-24-ScanImage.png Convert to (256,256)
INFO:root:File Data\ISPY1\Image\ISPY1_1103-09-24-1986-871424-BREAST-12918-25-ScanImage.png Convert to (256,256)
INFO:root:File Data\ISPY1\Image\ISPY1_1103-09-24-1986-871424-BREAST-12918-26-ScanImage.png Convert to (256,256)
INFO:root:File Data\ISPY1\Image\ISPY1_1103-09-24-1986-871424-BREAST-12918-27-ScanImage.png Convert to (256,256)
INFO:root:File Data\ISPY1\Image\ISPY1_1103-09-24-1986-871424-BREAST-12918-28-ScanImage.png Convert to (256,256)
INFO:root:File Data\ISPY1\Image\ISPY1_1103-09-24-1986-871424-BREAST-12918-29-ScanImage.png Convert to (256,256)
INFO:root:File Data\ISPY1\Image\ISPY1_1103-09-24-1986-871424-BREAST-12918-30-ScanImage.png Convert to (256,256)
INFO:root:File Data\ISPY1\Image\ISPY1_1103-09-24-1986-871424-BREAST-12918-31-ScanImage.png Convert to (256,256)
INFO:root:File Data\ISPY1\Image\ISPY1_1103-09-24-1986-871424-BREAST-12918-32-ScanImage.png Convert to (256,256)
INFO:root:File Data\ISPY1\Image\ISPY1_1103-09-24-1986-871424-BREAST-12918-33-ScanImage.png Convert to (256,256)
INFO:root:File Data\ISPY1\Image\ISPY1_1103-09-24-1986-871424-BREAST-12918-34-ScanImage.png Convert to (256,256)
INFO:root:File Data\ISPY1\Image\ISPY1_1103-09-24-1986-871424-BREAST-12918-35-ScanImage.png Convert to (256,256)
INFO:root:File Data\ISPY1\Image\ISPY1_1103-09-24-1986-871424-BREAST-12918-36-ScanImage.png Convert to (256,256)
INFO:root:File Data\ISPY1\Image\ISPY1_1103-09-24-1986-871424-BREAST-12918-37-ScanImage.png Convert to (256,256)
INFO:root:File Data\ISPY1\Image\ISPY1_1103-09-24-1986-871424-BREAST-12918-7-ScanImage.png Convert to (256,256)
INFO:root:File Data\ISPY1\Image\ISPY1_1103-09-24-1986-871424-BREAST-12918-8-ScanImage.png Convert to (256,256)
INFO:root:File Data\ISPY1\Image\ISPY1_1103-09-24-1986-871424-BREAST-12918-9-ScanImage.png Convert to (256,256)
INFO:root:File Data\ISPY1\Image\ISPY1_1114-10-31-1986-987142-BREAST-07600-10-ScanImage.png Convert to (256,256)
INFO:root:File Data\ISPY1\Image\ISPY1_1114-10-31-1986-987142-BREAST-07600-11-ScanImage.png Convert to (256,256)
INFO:root:File Data\ISPY1\Image\ISPY1_1114-10-31-1986-987142-BREAST-07600-12-ScanImage.png Convert to (256,256)
INFO:root:File Data\ISPY1\Image\ISPY1_1114-10-31-1986-987142-BREAST-07600-13-ScanImage.png Convert to (256,256)
INFO:root:File Data\ISPY1\Image\ISPY1_1114-10-31-1986-987142-BREAST-07600-14-ScanImage.png Convert to (256,256)
INFO:root:File Data\ISPY1\Image\ISPY1_1114-10-31-1986-987142-BREAST-07600-15-ScanImage.png Convert to (256,256)
INFO:root:File Data\ISPY1\Image\ISPY1_1114-10-31-1986-987142-BREAST-07600-16-ScanImage.png Convert to (256,256)
INFO:root:File Data\ISPY1\Image\ISPY1_1114-10-31-1986-987142-BREAST-07600-17-ScanImage.png Convert to (256,256)
INFO:root:File Data\ISPY1\Image\ISPY1_1114-10-31-1986-987142-BREAST-07600-18-ScanImage.png Convert to (256,256)
INFO:root:File Data\ISPY1\Image\ISPY1_1114-10-31-1986-987142-BREAST-07600-24-ScanImage.png Convert to (256,256)
INFO:root:File Data\ISPY1\Image\ISPY1_1114-10-31-1986-987142-BREAST-07600-25-ScanImage.png Convert to (256,256)
INFO:root:File Data\ISPY1\Image\ISPY1_1114-10-31-1986-987142-BREAST-07600-26-ScanImage.png Convert to (256,256)
INFO:root:File Data\ISPY1\Image\ISPY1_1114-10-31-1986-987142-BREAST-07600-27-ScanImage.png Convert to (256,256)
INFO:root:File Data\ISPY1\Image\ISPY1_1114-10-31-1986-987142-BREAST-07600-28-ScanImage.png Convert to (256,256)
INFO:root:File Data\ISPY1\Image\ISPY1_1114-10-31-1986-987142-BREAST-07600-29-ScanImage.png Convert to (256,256)
INFO:root:File Data\ISPY1\Image\ISPY1_1114-10-31-1986-987142-BREAST-07600-30-ScanImage.png Convert to (256,256)
INFO:root:File Data\ISPY1\Image\ISPY1_1114-10-31-1986-987142-BREAST-07600-31-ScanImage.png Convert to (256,256)
INFO:root:File Data\ISPY1\Image\ISPY1_1114-10-31-1986-987142-BREAST-07600-32-ScanImage.png Convert to (256,256)
INFO:root:File Data\ISPY1\Image\ISPY1_1114-10-31-1986-987142-BREAST-07600-33-ScanImage.png Convert to (256,256)
INFO:root:File Data\ISPY1\Image\ISPY1_1114-10-31-1986-987142-BREAST-07600-34-ScanImage.png Convert to (256,256)
INFO:root:File Data\ISPY1\Image\ISPY1_1114-10-31-1986-987142-BREAST-07600-35-ScanImage.png Convert to (256,256)
INFO:root:File Data\ISPY1\Image\ISPY1_1114-10-31-1986-987142-BREAST-07600-36-ScanImage.png Convert to (256,256)
INFO:root:File Data\ISPY1\Image\ISPY1_1114-10-31-1986-987142-BREAST-07600-37-ScanImage.png Convert to (256,256)
INFO:root:File Data\ISPY1\Image\ISPY1_1114-10-31-1986-987142-BREAST-07600-38-ScanImage.png Convert to (256,256)
INFO:root:File Data\ISPY1\Image\ISPY1_1114-10-31-1986-987142-BREAST-07600-39-ScanImage.png Convert to (256,256)
INFO:root:File Data\ISPY1\Image\ISPY1_1114-10-31-1986-987142-BREAST-07600-40-ScanImage.png Convert to (256,256)
INFO:root:File Data\ISPY1\Image\ISPY1_1114-10-31-1986-987142-BREAST-07600-41-ScanImage.png Convert to (256,256)
INFO:root:File Data\ISPY1\Image\ISPY1_1114-10-31-1986-987142-BREAST-07600-42-ScanImage.png Convert to (256,256)
INFO:root:File Data\ISPY1\Image\ISPY1_1114-10-31-1986-987142-BREAST-07600-7-ScanImage.png Convert to (256,256)
INFO:root:File Data\ISPY1\Image\ISPY1_1114-10-31-1986-987142-BREAST-07600-8-ScanImage.png Convert to (256,256)
INFO:root:File Data\ISPY1\Image\ISPY1_1114-10-31-1986-987142-BREAST-07600-9-ScanImage.png Convert to (256,256)
INFO:root:File Data\ISPY1\Image\ISPY1_1156-05-24-1987-BREAST-33328-10-ScanImage.png Convert to (256,256)
INFO:root:File Data\ISPY1\Image\ISPY1_1156-05-24-1987-BREAST-33328-11-ScanImage.png Convert to (256,256)
INFO:root:File Data\ISPY1\Image\ISPY1_1156-05-24-1987-BREAST-33328-12-ScanImage.png Convert to (256,256)
INFO:root:File Data\ISPY1\Image\ISPY1_1156-05-24-1987-BREAST-33328-13-ScanImage.png Convert to (256,256)
INFO:root:File Data\ISPY1\Image\ISPY1_1156-05-24-1987-BREAST-33328-14-ScanImage.png Convert to (256,256)
INFO:root:File Data\ISPY1\Image\ISPY1_1156-05-24-1987-BREAST-33328-15-ScanImage.png Convert to (256,256)
INFO:root:File Data\ISPY1\Image\ISPY1_1156-05-24-1987-BREAST-33328-16-ScanImage.png Convert to (256,256)
INFO:root:File Data\ISPY1\Image\ISPY1_1156-05-24-1987-BREAST-33328-17-ScanImage.png Convert to (256,256)
INFO:root:File Data\ISPY1\Image\ISPY1_1156-05-24-1987-BREAST-33328-18-ScanImage.png Convert to (256,256)
INFO:root:File Data\ISPY1\Image\ISPY1_1156-05-24-1987-BREAST-33328-19-ScanImage.png Convert to (256,256)
INFO:root:File Data\ISPY1\Image\ISPY1_1156-05-24-1987-BREAST-33328-20-ScanImage.png Convert to (256,256)
INFO:root:File Data\ISPY1\Image\ISPY1_1156-05-24-1987-BREAST-33328-21-ScanImage.png Convert to (256,256)
INFO:root:File Data\ISPY1\Image\ISPY1_1156-05-24-1987-BREAST-33328-22-ScanImage.png Convert to (256,256)
INFO:root:File Data\ISPY1\Image\ISPY1_1156-05-24-1987-BREAST-33328-23-ScanImage.png Convert to (256,256)
INFO:root:File Data\ISPY1\Image\ISPY1_1156-05-24-1987-BREAST-33328-24-ScanImage.png Convert to (256,256)
INFO:root:File Data\ISPY1\Image\ISPY1_1156-05-24-1987-BREAST-33328-25-ScanImage.png Convert to (256,256)
INFO:root:File Data\ISPY1\Image\ISPY1_1156-05-24-1987-BREAST-33328-26-ScanImage.png Convert to (256,256)
INFO:root:File Data\ISPY1\Image\ISPY1_1156-05-24-1987-BREAST-33328-27-ScanImage.png Convert to (256,256)
INFO:root:File Data\ISPY1\Image\ISPY1_1156-05-24-1987-BREAST-33328-28-ScanImage.png Convert to (256,256)
INFO:root:File Data\ISPY1\Image\ISPY1_1156-05-24-1987-BREAST-33328-29-ScanImage.png Convert to (256,256)
INFO:root:File Data\ISPY1\Image\ISPY1_1156-05-24-1987-BREAST-33328-30-ScanImage.png Convert to (256,256)
INFO:root:File Data\ISPY1\Image\ISPY1_1156-05-24-1987-BREAST-33328-31-ScanImage.png Convert to (256,256)
INFO:root:File Data\ISPY1\Image\ISPY1_1156-05-24-1987-BREAST-33328-32-ScanImage.png Convert to (256,256)
INFO:root:File Data\ISPY1\Image\ISPY1_1169-08-30-1987-BREAST -73975-10-ScanImage.png Convert to (256,256)
INFO:root:File Data\ISPY1\Image\ISPY1_1169-08-30-1987-BREAST -73975-11-ScanImage.png Convert to (256,256)
INFO:root:File Data\ISPY1\Image\ISPY1_1169-08-30-1987-BREAST -73975-12-ScanImage.png Convert to (256,256)
INFO:root:File Data\ISPY1\Image\ISPY1_1169-08-30-1987-BREAST -73975-13-ScanImage.png Convert to (256,256)
INFO:root:File Data\ISPY1\Image\ISPY1_1169-08-30-1987-BREAST -73975-14-ScanImage.png Convert to (256,256)
INFO:root:File Data\ISPY1\Image\ISPY1_1169-08-30-1987-BREAST -73975-15-ScanImage.png Convert to (256,256)
INFO:root:File Data\ISPY1\Image\ISPY1_1169-08-30-1987-BREAST -73975-16-ScanImage.png Convert to (256,256)
INFO:root:File Data\ISPY1\Image\ISPY1_1169-08-30-1987-BREAST -73975-17-ScanImage.png Convert to (256,256)
INFO:root:File Data\ISPY1\Image\ISPY1_1169-08-30-1987-BREAST -73975-18-ScanImage.png Convert to (256,256)
INFO:root:File Data\ISPY1\Image\ISPY1_1169-08-30-1987-BREAST -73975-19-ScanImage.png Convert to (256,256)
INFO:root:File Data\ISPY1\Image\ISPY1_1169-08-30-1987-BREAST -73975-20-ScanImage.png Convert to (256,256)
INFO:root:File Data\ISPY1\Image\ISPY1_1169-08-30-1987-BREAST -73975-21-ScanImage.png Convert to (256,256)
INFO:root:File Data\ISPY1\Image\ISPY1_1169-08-30-1987-BREAST -73975-22-ScanImage.png Convert to (256,256)
INFO:root:File Data\ISPY1\Image\ISPY1_1169-08-30-1987-BREAST -73975-23-ScanImage.png Convert to (256,256)
INFO:root:File Data\ISPY1\Image\ISPY1_1169-08-30-1987-BREAST -73975-24-ScanImage.png Convert to (256,256)
INFO:root:File Data\ISPY1\Image\ISPY1_1169-08-30-1987-BREAST -73975-25-ScanImage.png Convert to (256,256)
INFO:root:File Data\ISPY1\Image\ISPY1_1169-08-30-1987-BREAST -73975-26-ScanImage.png Convert to (256,256)
INFO:root:File Data\ISPY1\Image\ISPY1_1169-08-30-1987-BREAST -73975-27-ScanImage.png Convert to (256,256)
INFO:root:File Data\ISPY1\Image\ISPY1_1169-08-30-1987-BREAST -73975-28-ScanImage.png Convert to (256,256)
INFO:root:File Data\ISPY1\Image\ISPY1_1169-08-30-1987-BREAST -73975-29-ScanImage.png Convert to (256,256)
INFO:root:File Data\ISPY1\Image\ISPY1_1169-08-30-1987-BREAST -73975-30-ScanImage.png Convert to (256,256)
INFO:root:File Data\ISPY1\Image\ISPY1_1169-08-30-1987-BREAST -73975-31-ScanImage.png Convert to (256,256)
INFO:root:File Data\ISPY1\Image\ISPY1_1169-08-30-1987-BREAST -73975-32-ScanImage.png Convert to (256,256)
INFO:root:File Data\ISPY1\Image\ISPY1_1169-08-30-1987-BREAST -73975-8-ScanImage.png Convert to (256,256)
INFO:root:File Data\ISPY1\Image\ISPY1_1169-08-30-1987-BREAST -73975-9-ScanImage.png Convert to (256,256)
INFO:root:File Data\ISPY1\Image\ISPY1_1183-11-08-1987-BREAST -13450-10-ScanImage.png Convert to (256,256)
INFO:root:File Data\ISPY1\Image\ISPY1_1183-11-08-1987-BREAST -13450-11-ScanImage.png Convert to (256,256)
INFO:root:File Data\ISPY1\Image\ISPY1_1183-11-08-1987-BREAST -13450-12-ScanImage.png Convert to (256,256)
INFO:root:File Data\ISPY1\Image\ISPY1_1183-11-08-1987-BREAST -13450-13-ScanImage.png Convert to (256,256)
INFO:root:File Data\ISPY1\Image\ISPY1_1183-11-08-1987-BREAST -13450-14-ScanImage.png Convert to (256,256)
INFO:root:File Data\ISPY1\Image\ISPY1_1183-11-08-1987-BREAST -13450-15-ScanImage.png Convert to (256,256)
INFO:root:File Data\ISPY1\Image\ISPY1_1183-11-08-1987-BREAST -13450-16-ScanImage.png Convert to (256,256)
INFO:root:File Data\ISPY1\Image\ISPY1_1183-11-08-1987-BREAST -13450-17-ScanImage.png Convert to (256,256)
INFO:root:File Data\ISPY1\Image\ISPY1_1183-11-08-1987-BREAST -13450-18-ScanImage.png Convert to (256,256)
INFO:root:File Data\ISPY1\Image\ISPY1_1183-11-08-1987-BREAST -13450-19-ScanImage.png Convert to (256,256)
INFO:root:File Data\ISPY1\Image\ISPY1_1183-11-08-1987-BREAST -13450-20-ScanImage.png Convert to (256,256)
INFO:root:File Data\ISPY1\Image\ISPY1_1183-11-08-1987-BREAST -13450-21-ScanImage.png Convert to (256,256)
INFO:root:File Data\ISPY1\Image\ISPY1_1183-11-08-1987-BREAST -13450-22-ScanImage.png Convert to (256,256)
INFO:root:File Data\ISPY1\Image\ISPY1_1183-11-08-1987-BREAST -13450-23-ScanImage.png Convert to (256,256)
INFO:root:File Data\ISPY1\Image\ISPY1_1183-11-08-1987-BREAST -13450-24-ScanImage.png Convert to (256,256)
INFO:root:File Data\ISPY1\Image\ISPY1_1183-11-08-1987-BREAST -13450-25-ScanImage.png Convert to (256,256)
INFO:root:File Data\ISPY1\Image\ISPY1_1183-11-08-1987-BREAST -13450-26-ScanImage.png Convert to (256,256)
INFO:root:File Data\ISPY1\Image\ISPY1_1183-11-08-1987-BREAST -13450-27-ScanImage.png Convert to (256,256)
INFO:root:File Data\ISPY1\Image\ISPY1_1183-11-08-1987-BREAST -13450-28-ScanImage.png Convert to (256,256)
INFO:root:File Data\ISPY1\Image\ISPY1_1183-11-08-1987-BREAST -13450-29-ScanImage.png Convert to (256,256)
INFO:root:File Data\ISPY1\Image\ISPY1_1183-11-08-1987-BREAST -13450-30-ScanImage.png Convert to (256,256)
INFO:root:File Data\ISPY1\Image\ISPY1_1183-11-08-1987-BREAST -13450-31-ScanImage.png Convert to (256,256)
INFO:root:File Data\ISPY1\Image\ISPY1_1183-11-08-1987-BREAST -13450-32-ScanImage.png Convert to (256,256)
INFO:root:File Data\ISPY1\Image\ISPY1_1183-11-08-1987-BREAST -13450-33-ScanImage.png Convert to (256,256)
INFO:root:File Data\ISPY1\Image\ISPY1_1183-11-08-1987-BREAST -13450-34-ScanImage.png Convert to (256,256)
INFO:root:File Data\ISPY1\Image\ISPY1_1183-11-08-1987-BREAST -13450-35-ScanImage.png Convert to (256,256)
INFO:root:File Data\ISPY1\Image\ISPY1_1183-11-08-1987-BREAST -13450-36-ScanImage.png Convert to (256,256)
INFO:root:File Data\ISPY1\Image\ISPY1_1183-11-08-1987-BREAST -13450-37-ScanImage.png Convert to (256,256)
INFO:root:File Data\ISPY1\Image\ISPY1_1183-11-08-1987-BREAST -13450-38-ScanImage.png Convert to (256,256)
INFO:root:File Data\ISPY1\Image\ISPY1_1183-11-08-1987-BREAST -13450-39-ScanImage.png Convert to (256,256)
INFO:root:File Data\ISPY1\Image\ISPY1_1183-11-08-1987-BREAST -13450-40-ScanImage.png Convert to (256,256)
INFO:root:File Data\ISPY1\Image\ISPY1_1188-11-22-1987-MR Breast-74628-10-ScanImage.png Convert to (256,256)
INFO:root:File Data\ISPY1\Image\ISPY1_1188-11-22-1987-MR Breast-74628-11-ScanImage.png Convert to (256,256)
INFO:root:File Data\ISPY1\Image\ISPY1_1188-11-22-1987-MR Breast-74628-12-ScanImage.png Convert to (256,256)
INFO:root:File Data\ISPY1\Image\ISPY1_1188-11-22-1987-MR Breast-74628-13-ScanImage.png Convert to (256,256)
INFO:root:File Data\ISPY1\Image\ISPY1_1188-11-22-1987-MR Breast-74628-14-ScanImage.png Convert to (256,256)
INFO:root:File Data\ISPY1\Image\ISPY1_1188-11-22-1987-MR Breast-74628-15-ScanImage.png Convert to (256,256)
INFO:root:File Data\ISPY1\Image\ISPY1_1188-11-22-1987-MR Breast-74628-16-ScanImage.png Convert to (256,256)
INFO:root:File Data\ISPY1\Image\ISPY1_1188-11-22-1987-MR Breast-74628-17-ScanImage.png Convert to (256,256)
INFO:root:File Data\ISPY1\Image\ISPY1_1188-11-22-1987-MR Breast-74628-18-ScanImage.png Convert to (256,256)
INFO:root:File Data\ISPY1\Image\ISPY1_1188-11-22-1987-MR Breast-74628-19-ScanImage.png Convert to (256,256)
INFO:root:File Data\ISPY1\Image\ISPY1_1188-11-22-1987-MR Breast-74628-2-ScanImage.png Convert to (256,256)
INFO:root:File Data\ISPY1\Image\ISPY1_1188-11-22-1987-MR Breast-74628-20-ScanImage.png Convert to (256,256)
INFO:root:File Data\ISPY1\Image\ISPY1_1188-11-22-1987-MR Breast-74628-21-ScanImage.png Convert to (256,256)
INFO:root:File Data\ISPY1\Image\ISPY1_1188-11-22-1987-MR Breast-74628-22-ScanImage.png Convert to (256,256)
INFO:root:File Data\ISPY1\Image\ISPY1_1188-11-22-1987-MR Breast-74628-23-ScanImage.png Convert to (256,256)
INFO:root:File Data\ISPY1\Image\ISPY1_1188-11-22-1987-MR Breast-74628-24-ScanImage.png Convert to (256,256)
INFO:root:File Data\ISPY1\Image\ISPY1_1188-11-22-1987-MR Breast-74628-25-ScanImage.png Convert to (256,256)
INFO:root:File Data\ISPY1\Image\ISPY1_1188-11-22-1987-MR Breast-74628-26-ScanImage.png Convert to (256,256)
INFO:root:File Data\ISPY1\Image\ISPY1_1188-11-22-1987-MR Breast-74628-27-ScanImage.png Convert to (256,256)
INFO:root:File Data\ISPY1\Image\ISPY1_1188-11-22-1987-MR Breast-74628-28-ScanImage.png Convert to (256,256)
INFO:root:File Data\ISPY1\Image\ISPY1_1188-11-22-1987-MR Breast-74628-29-ScanImage.png Convert to (256,256)
INFO:root:File Data\ISPY1\Image\ISPY1_1188-11-22-1987-MR Breast-74628-3-ScanImage.png Convert to (256,256)
INFO:root:File Data\ISPY1\Image\ISPY1_1188-11-22-1987-MR Breast-74628-30-ScanImage.png Convert to (256,256)
INFO:root:File Data\ISPY1\Image\ISPY1_1188-11-22-1987-MR Breast-74628-4-ScanImage.png Convert to (256,256)
INFO:root:File Data\ISPY1\Image\ISPY1_1188-11-22-1987-MR Breast-74628-5-ScanImage.png Convert to (256,256)
INFO:root:File Data\ISPY1\Image\ISPY1_1188-11-22-1987-MR Breast-74628-6-ScanImage.png Convert to (256,256)
INFO:root:File Data\ISPY1\Image\ISPY1_1188-11-22-1987-MR Breast-74628-7-ScanImage.png Convert to (256,256)
INFO:root:File Data\ISPY1\Image\ISPY1_1188-11-22-1987-MR Breast-74628-8-ScanImage.png Convert to (256,256)
INFO:root:File Data\ISPY1\Image\ISPY1_1188-11-22-1987-MR Breast-74628-9-ScanImage.png Convert to (256,256)
INFO:root:File Data\ISPY1\Image\ISPY1_1196-12-17-1987-254849-MR Breast Research Gra-27399-0-ScanImage.png Convert to (256,256)
INFO:root:File Data\ISPY1\Image\ISPY1_1196-12-17-1987-254849-MR Breast Research Gra-27399-1-ScanImage.png Convert to (256,256)
INFO:root:File Data\ISPY1\Image\ISPY1_1196-12-17-1987-254849-MR Breast Research Gra-27399-10-ScanImage.png Convert to (256,256)
INFO:root:File Data\ISPY1\Image\ISPY1_1196-12-17-1987-254849-MR Breast Research Gra-27399-11-ScanImage.png Convert to (256,256)
INFO:root:File Data\ISPY1\Image\ISPY1_1196-12-17-1987-254849-MR Breast Research Gra-27399-12-ScanImage.png Convert to (256,256)
INFO:root:File Data\ISPY1\Image\ISPY1_1196-12-17-1987-254849-MR Breast Research Gra-27399-13-ScanImage.png Convert to (256,256)
INFO:root:File Data\ISPY1\Image\ISPY1_1196-12-17-1987-254849-MR Breast Research Gra-27399-14-ScanImage.png Convert to (256,256)
INFO:root:File Data\ISPY1\Image\ISPY1_1196-12-17-1987-254849-MR Breast Research Gra-27399-15-ScanImage.png Convert to (256,256)
INFO:root:File Data\ISPY1\Image\ISPY1_1196-12-17-1987-254849-MR Breast Research Gra-27399-16-ScanImage.png Convert to (256,256)
INFO:root:File Data\ISPY1\Image\ISPY1_1196-12-17-1987-254849-MR Breast Research Gra-27399-17-ScanImage.png Convert to (256,256)
INFO:root:File Data\ISPY1\Image\ISPY1_1196-12-17-1987-254849-MR Breast Research Gra-27399-18-ScanImage.png Convert to (256,256)
INFO:root:File Data\ISPY1\Image\ISPY1_1196-12-17-1987-254849-MR Breast Research Gra-27399-19-ScanImage.png Convert to (256,256)
INFO:root:File Data\ISPY1\Image\ISPY1_1196-12-17-1987-254849-MR Breast Research Gra-27399-2-ScanImage.png Convert to (256,256)
INFO:root:File Data\ISPY1\Image\ISPY1_1196-12-17-1987-254849-MR Breast Research Gra-27399-20-ScanImage.png Convert to (256,256)
INFO:root:File Data\ISPY1\Image\ISPY1_1196-12-17-1987-254849-MR Breast Research Gra-27399-21-ScanImage.png Convert to (256,256)
INFO:root:File Data\ISPY1\Image\ISPY1_1196-12-17-1987-254849-MR Breast Research Gra-27399-22-ScanImage.png Convert to (256,256)
INFO:root:File Data\ISPY1\Image\ISPY1_1196-12-17-1987-254849-MR Breast Research Gra-27399-23-ScanImage.png Convert to (256,256)
INFO:root:File Data\ISPY1\Image\ISPY1_1196-12-17-1987-254849-MR Breast Research Gra-27399-24-ScanImage.png Convert to (256,256)
INFO:root:File Data\ISPY1\Image\ISPY1_1196-12-17-1987-254849-MR Breast Research Gra-27399-25-ScanImage.png Convert to (256,256)
INFO:root:File Data\ISPY1\Image\ISPY1_1196-12-17-1987-254849-MR Breast Research Gra-27399-26-ScanImage.png Convert to (256,256)
INFO:root:File Data\ISPY1\Image\ISPY1_1196-12-17-1987-254849-MR Breast Research Gra-27399-27-ScanImage.png Convert to (256,256)
INFO:root:File Data\ISPY1\Image\ISPY1_1196-12-17-1987-254849-MR Breast Research Gra-27399-28-ScanImage.png Convert to (256,256)
INFO:root:File Data\ISPY1\Image\ISPY1_1196-12-17-1987-254849-MR Breast Research Gra-27399-29-ScanImage.png Convert to (256,256)
INFO:root:File Data\ISPY1\Image\ISPY1_1196-12-17-1987-254849-MR Breast Research Gra-27399-3-ScanImage.png Convert to (256,256)
INFO:root:File Data\ISPY1\Image\ISPY1_1196-12-17-1987-254849-MR Breast Research Gra-27399-30-ScanImage.png Convert to (256,256)
INFO:root:File Data\ISPY1\Image\ISPY1_1196-12-17-1987-254849-MR Breast Research Gra-27399-31-ScanImage.png Convert to (256,256)
INFO:root:File Data\ISPY1\Image\ISPY1_1196-12-17-1987-254849-MR Breast Research Gra-27399-32-ScanImage.png Convert to (256,256)
INFO:root:File Data\ISPY1\Image\ISPY1_1196-12-17-1987-254849-MR Breast Research Gra-27399-33-ScanImage.png Convert to (256,256)
INFO:root:File Data\ISPY1\Image\ISPY1_1196-12-17-1987-254849-MR Breast Research Gra-27399-34-ScanImage.png Convert to (256,256)
INFO:root:File Data\ISPY1\Image\ISPY1_1196-12-17-1987-254849-MR Breast Research Gra-27399-35-ScanImage.png Convert to (256,256)
INFO:root:File Data\ISPY1\Image\ISPY1_1196-12-17-1987-254849-MR Breast Research Gra-27399-36-ScanImage.png Convert to (256,256)
INFO:root:File Data\ISPY1\Image\ISPY1_1196-12-17-1987-254849-MR Breast Research Gra-27399-37-ScanImage.png Convert to (256,256)
INFO:root:File Data\ISPY1\Image\ISPY1_1196-12-17-1987-254849-MR Breast Research Gra-27399-38-ScanImage.png Convert to (256,256)
INFO:root:File Data\ISPY1\Image\ISPY1_1196-12-17-1987-254849-MR Breast Research Gra-27399-39-ScanImage.png Convert to (256,256)
INFO:root:File Data\ISPY1\Image\ISPY1_1196-12-17-1987-254849-MR Breast Research Gra-27399-4-ScanImage.png Convert to (256,256)
INFO:root:File Data\ISPY1\Image\ISPY1_1196-12-17-1987-254849-MR Breast Research Gra-27399-40-ScanImage.png Convert to (256,256)
INFO:root:File Data\ISPY1\Image\ISPY1_1196-12-17-1987-254849-MR Breast Research Gra-27399-41-ScanImage.png Convert to (256,256)
INFO:root:File Data\ISPY1\Image\ISPY1_1196-12-17-1987-254849-MR Breast Research Gra-27399-42-ScanImage.png Convert to (256,256)
INFO:root:File Data\ISPY1\Image\ISPY1_1196-12-17-1987-254849-MR Breast Research Gra-27399-43-ScanImage.png Convert to (256,256)
INFO:root:File Data\ISPY1\Image\ISPY1_1196-12-17-1987-254849-MR Breast Research Gra-27399-44-ScanImage.png Convert to (256,256)
INFO:root:File Data\ISPY1\Image\ISPY1_1196-12-17-1987-254849-MR Breast Research Gra-27399-45-ScanImage.png Convert to (256,256)
INFO:root:File Data\ISPY1\Image\ISPY1_1196-12-17-1987-254849-MR Breast Research Gra-27399-46-ScanImage.png Convert to (256,256)
INFO:root:File Data\ISPY1\Image\ISPY1_1196-12-17-1987-254849-MR Breast Research Gra-27399-47-ScanImage.png Convert to (256,256)
INFO:root:File Data\ISPY1\Image\ISPY1_1196-12-17-1987-254849-MR Breast Research Gra-27399-48-ScanImage.png Convert to (256,256)
INFO:root:File Data\ISPY1\Image\ISPY1_1196-12-17-1987-254849-MR Breast Research Gra-27399-49-ScanImage.png Convert to (256,256)
INFO:root:File Data\ISPY1\Image\ISPY1_1196-12-17-1987-254849-MR Breast Research Gra-27399-5-ScanImage.png Convert to (256,256)
INFO:root:File Data\ISPY1\Image\ISPY1_1196-12-17-1987-254849-MR Breast Research Gra-27399-6-ScanImage.png Convert to (256,256)
INFO:root:File Data\ISPY1\Image\ISPY1_1196-12-17-1987-254849-MR Breast Research Gra-27399-7-ScanImage.png Convert to (256,256)
INFO:root:File Data\ISPY1\Image\ISPY1_1196-12-17-1987-254849-MR Breast Research Gra-27399-8-ScanImage.png Convert to (256,256)
INFO:root:File Data\ISPY1\Image\ISPY1_1196-12-17-1987-254849-MR Breast Research Gra-27399-9-ScanImage.png Convert to (256,256)
INFO:root:File Data\ISPY1\Mask\ISPY1_1079-06-15-1986-987142-BREAST-94550-13-SegImage.png Convert to (256,256)
INFO:root:File Data\ISPY1\Mask\ISPY1_1079-06-15-1986-987142-BREAST-94550-14-SegImage.png Convert to (256,256)
INFO:root:File Data\ISPY1\Mask\ISPY1_1079-06-15-1986-987142-BREAST-94550-15-SegImage.png Convert to (256,256)
INFO:root:File Data\ISPY1\Mask\ISPY1_1079-06-15-1986-987142-BREAST-94550-16-SegImage.png Convert to (256,256)
INFO:root:File Data\ISPY1\Mask\ISPY1_1079-06-15-1986-987142-BREAST-94550-17-SegImage.png Convert to (256,256)
INFO:root:File Data\ISPY1\Mask\ISPY1_1079-06-15-1986-987142-BREAST-94550-18-SegImage.png Convert to (256,256)
INFO:root:File Data\ISPY1\Mask\ISPY1_1079-06-15-1986-987142-BREAST-94550-19-SegImage.png Convert to (256,256)
INFO:root:File Data\ISPY1\Mask\ISPY1_1079-06-15-1986-987142-BREAST-94550-20-SegImage.png Convert to (256,256)
INFO:root:File Data\ISPY1\Mask\ISPY1_1079-06-15-1986-987142-BREAST-94550-21-SegImage.png Convert to (256,256)
INFO:root:File Data\ISPY1\Mask\ISPY1_1079-06-15-1986-987142-BREAST-94550-22-SegImage.png Convert to (256,256)
INFO:root:File Data\ISPY1\Mask\ISPY1_1079-06-15-1986-987142-BREAST-94550-23-SegImage.png Convert to (256,256)
INFO:root:File Data\ISPY1\Mask\ISPY1_1079-06-15-1986-987142-BREAST-94550-24-SegImage.png Convert to (256,256)
INFO:root:File Data\ISPY1\Mask\ISPY1_1079-06-15-1986-987142-BREAST-94550-25-SegImage.png Convert to (256,256)
INFO:root:File Data\ISPY1\Mask\ISPY1_1079-06-15-1986-987142-BREAST-94550-26-SegImage.png Convert to (256,256)
INFO:root:File Data\ISPY1\Mask\ISPY1_1079-06-15-1986-987142-BREAST-94550-27-SegImage.png Convert to (256,256)
INFO:root:File Data\ISPY1\Mask\ISPY1_1079-06-15-1986-987142-BREAST-94550-28-SegImage.png Convert to (256,256)
INFO:root:File Data\ISPY1\Mask\ISPY1_1079-06-15-1986-987142-BREAST-94550-29-SegImage.png Convert to (256,256)
INFO:root:File Data\ISPY1\Mask\ISPY1_1079-06-15-1986-987142-BREAST-94550-30-SegImage.png Convert to (256,256)
INFO:root:File Data\ISPY1\Mask\ISPY1_1079-06-15-1986-987142-BREAST-94550-31-SegImage.png Convert to (256,256)
INFO:root:File Data\ISPY1\Mask\ISPY1_1079-06-15-1986-987142-BREAST-94550-32-SegImage.png Convert to (256,256)
INFO:root:File Data\ISPY1\Mask\ISPY1_1079-06-15-1986-987142-BREAST-94550-5-SegImage.png Convert to (256,256)
INFO:root:File Data\ISPY1\Mask\ISPY1_1103-09-24-1986-871424-BREAST-12918-10-SegImage.png Convert to (256,256)
INFO:root:File Data\ISPY1\Mask\ISPY1_1103-09-24-1986-871424-BREAST-12918-11-SegImage.png Convert to (256,256)
INFO:root:File Data\ISPY1\Mask\ISPY1_1103-09-24-1986-871424-BREAST-12918-12-SegImage.png Convert to (256,256)
INFO:root:File Data\ISPY1\Mask\ISPY1_1103-09-24-1986-871424-BREAST-12918-13-SegImage.png Convert to (256,256)
INFO:root:File Data\ISPY1\Mask\ISPY1_1103-09-24-1986-871424-BREAST-12918-14-SegImage.png Convert to (256,256)
INFO:root:File Data\ISPY1\Mask\ISPY1_1103-09-24-1986-871424-BREAST-12918-15-SegImage.png Convert to (256,256)
INFO:root:File Data\ISPY1\Mask\ISPY1_1103-09-24-1986-871424-BREAST-12918-16-SegImage.png Convert to (256,256)
INFO:root:File Data\ISPY1\Mask\ISPY1_1103-09-24-1986-871424-BREAST-12918-17-SegImage.png Convert to (256,256)
INFO:root:File Data\ISPY1\Mask\ISPY1_1103-09-24-1986-871424-BREAST-12918-18-SegImage.png Convert to (256,256)
INFO:root:File Data\ISPY1\Mask\ISPY1_1103-09-24-1986-871424-BREAST-12918-19-SegImage.png Convert to (256,256)
INFO:root:File Data\ISPY1\Mask\ISPY1_1103-09-24-1986-871424-BREAST-12918-20-SegImage.png Convert to (256,256)
INFO:root:File Data\ISPY1\Mask\ISPY1_1103-09-24-1986-871424-BREAST-12918-21-SegImage.png Convert to (256,256)
INFO:root:File Data\ISPY1\Mask\ISPY1_1103-09-24-1986-871424-BREAST-12918-22-SegImage.png Convert to (256,256)
INFO:root:File Data\ISPY1\Mask\ISPY1_1103-09-24-1986-871424-BREAST-12918-23-SegImage.png Convert to (256,256)
INFO:root:File Data\ISPY1\Mask\ISPY1_1103-09-24-1986-871424-BREAST-12918-24-SegImage.png Convert to (256,256)
INFO:root:File Data\ISPY1\Mask\ISPY1_1103-09-24-1986-871424-BREAST-12918-25-SegImage.png Convert to (256,256)
INFO:root:File Data\ISPY1\Mask\ISPY1_1103-09-24-1986-871424-BREAST-12918-26-SegImage.png Convert to (256,256)
INFO:root:File Data\ISPY1\Mask\ISPY1_1103-09-24-1986-871424-BREAST-12918-27-SegImage.png Convert to (256,256)
INFO:root:File Data\ISPY1\Mask\ISPY1_1103-09-24-1986-871424-BREAST-12918-28-SegImage.png Convert to (256,256)
INFO:root:File Data\ISPY1\Mask\ISPY1_1103-09-24-1986-871424-BREAST-12918-29-SegImage.png Convert to (256,256)
INFO:root:File Data\ISPY1\Mask\ISPY1_1103-09-24-1986-871424-BREAST-12918-30-SegImage.png Convert to (256,256)
INFO:root:File Data\ISPY1\Mask\ISPY1_1103-09-24-1986-871424-BREAST-12918-31-SegImage.png Convert to (256,256)
INFO:root:File Data\ISPY1\Mask\ISPY1_1103-09-24-1986-871424-BREAST-12918-32-SegImage.png Convert to (256,256)
INFO:root:File Data\ISPY1\Mask\ISPY1_1103-09-24-1986-871424-BREAST-12918-33-SegImage.png Convert to (256,256)
INFO:root:File Data\ISPY1\Mask\ISPY1_1103-09-24-1986-871424-BREAST-12918-34-SegImage.png Convert to (256,256)
INFO:root:File Data\ISPY1\Mask\ISPY1_1103-09-24-1986-871424-BREAST-12918-35-SegImage.png Convert to (256,256)
INFO:root:File Data\ISPY1\Mask\ISPY1_1103-09-24-1986-871424-BREAST-12918-36-SegImage.png Convert to (256,256)
INFO:root:File Data\ISPY1\Mask\ISPY1_1103-09-24-1986-871424-BREAST-12918-37-SegImage.png Convert to (256,256)
INFO:root:File Data\ISPY1\Mask\ISPY1_1103-09-24-1986-871424-BREAST-12918-7-SegImage.png Convert to (256,256)
INFO:root:File Data\ISPY1\Mask\ISPY1_1103-09-24-1986-871424-BREAST-12918-8-SegImage.png Convert to (256,256)
INFO:root:File Data\ISPY1\Mask\ISPY1_1103-09-24-1986-871424-BREAST-12918-9-SegImage.png Convert to (256,256)
INFO:root:File Data\ISPY1\Mask\ISPY1_1114-10-31-1986-987142-BREAST-07600-10-SegImage.png Convert to (256,256)
INFO:root:File Data\ISPY1\Mask\ISPY1_1114-10-31-1986-987142-BREAST-07600-11-SegImage.png Convert to (256,256)
INFO:root:File Data\ISPY1\Mask\ISPY1_1114-10-31-1986-987142-BREAST-07600-12-SegImage.png Convert to (256,256)
INFO:root:File Data\ISPY1\Mask\ISPY1_1114-10-31-1986-987142-BREAST-07600-13-SegImage.png Convert to (256,256)
INFO:root:File Data\ISPY1\Mask\ISPY1_1114-10-31-1986-987142-BREAST-07600-14-SegImage.png Convert to (256,256)
INFO:root:File Data\ISPY1\Mask\ISPY1_1114-10-31-1986-987142-BREAST-07600-15-SegImage.png Convert to (256,256)
INFO:root:File Data\ISPY1\Mask\ISPY1_1114-10-31-1986-987142-BREAST-07600-16-SegImage.png Convert to (256,256)
INFO:root:File Data\ISPY1\Mask\ISPY1_1114-10-31-1986-987142-BREAST-07600-17-SegImage.png Convert to (256,256)
INFO:root:File Data\ISPY1\Mask\ISPY1_1114-10-31-1986-987142-BREAST-07600-18-SegImage.png Convert to (256,256)
INFO:root:File Data\ISPY1\Mask\ISPY1_1114-10-31-1986-987142-BREAST-07600-24-SegImage.png Convert to (256,256)
INFO:root:File Data\ISPY1\Mask\ISPY1_1114-10-31-1986-987142-BREAST-07600-25-SegImage.png Convert to (256,256)
INFO:root:File Data\ISPY1\Mask\ISPY1_1114-10-31-1986-987142-BREAST-07600-26-SegImage.png Convert to (256,256)
INFO:root:File Data\ISPY1\Mask\ISPY1_1114-10-31-1986-987142-BREAST-07600-27-SegImage.png Convert to (256,256)
INFO:root:File Data\ISPY1\Mask\ISPY1_1114-10-31-1986-987142-BREAST-07600-28-SegImage.png Convert to (256,256)
INFO:root:File Data\ISPY1\Mask\ISPY1_1114-10-31-1986-987142-BREAST-07600-29-SegImage.png Convert to (256,256)
INFO:root:File Data\ISPY1\Mask\ISPY1_1114-10-31-1986-987142-BREAST-07600-30-SegImage.png Convert to (256,256)
INFO:root:File Data\ISPY1\Mask\ISPY1_1114-10-31-1986-987142-BREAST-07600-31-SegImage.png Convert to (256,256)
INFO:root:File Data\ISPY1\Mask\ISPY1_1114-10-31-1986-987142-BREAST-07600-32-SegImage.png Convert to (256,256)
INFO:root:File Data\ISPY1\Mask\ISPY1_1114-10-31-1986-987142-BREAST-07600-33-SegImage.png Convert to (256,256)
INFO:root:File Data\ISPY1\Mask\ISPY1_1114-10-31-1986-987142-BREAST-07600-34-SegImage.png Convert to (256,256)
INFO:root:File Data\ISPY1\Mask\ISPY1_1114-10-31-1986-987142-BREAST-07600-35-SegImage.png Convert to (256,256)
INFO:root:File Data\ISPY1\Mask\ISPY1_1114-10-31-1986-987142-BREAST-07600-36-SegImage.png Convert to (256,256)
INFO:root:File Data\ISPY1\Mask\ISPY1_1114-10-31-1986-987142-BREAST-07600-37-SegImage.png Convert to (256,256)
INFO:root:File Data\ISPY1\Mask\ISPY1_1114-10-31-1986-987142-BREAST-07600-38-SegImage.png Convert to (256,256)
INFO:root:File Data\ISPY1\Mask\ISPY1_1114-10-31-1986-987142-BREAST-07600-39-SegImage.png Convert to (256,256)
INFO:root:File Data\ISPY1\Mask\ISPY1_1114-10-31-1986-987142-BREAST-07600-40-SegImage.png Convert to (256,256)
INFO:root:File Data\ISPY1\Mask\ISPY1_1114-10-31-1986-987142-BREAST-07600-41-SegImage.png Convert to (256,256)
INFO:root:File Data\ISPY1\Mask\ISPY1_1114-10-31-1986-987142-BREAST-07600-42-SegImage.png Convert to (256,256)
INFO:root:File Data\ISPY1\Mask\ISPY1_1114-10-31-1986-987142-BREAST-07600-7-SegImage.png Convert to (256,256)
INFO:root:File Data\ISPY1\Mask\ISPY1_1114-10-31-1986-987142-BREAST-07600-8-SegImage.png Convert to (256,256)
INFO:root:File Data\ISPY1\Mask\ISPY1_1114-10-31-1986-987142-BREAST-07600-9-SegImage.png Convert to (256,256)
INFO:root:File Data\ISPY1\Mask\ISPY1_1156-05-24-1987-BREAST-33328-10-SegImage.png Convert to (256,256)
INFO:root:File Data\ISPY1\Mask\ISPY1_1156-05-24-1987-BREAST-33328-11-SegImage.png Convert to (256,256)
INFO:root:File Data\ISPY1\Mask\ISPY1_1156-05-24-1987-BREAST-33328-12-SegImage.png Convert to (256,256)
INFO:root:File Data\ISPY1\Mask\ISPY1_1156-05-24-1987-BREAST-33328-13-SegImage.png Convert to (256,256)
INFO:root:File Data\ISPY1\Mask\ISPY1_1156-05-24-1987-BREAST-33328-14-SegImage.png Convert to (256,256)
INFO:root:File Data\ISPY1\Mask\ISPY1_1156-05-24-1987-BREAST-33328-15-SegImage.png Convert to (256,256)
INFO:root:File Data\ISPY1\Mask\ISPY1_1156-05-24-1987-BREAST-33328-16-SegImage.png Convert to (256,256)
INFO:root:File Data\ISPY1\Mask\ISPY1_1156-05-24-1987-BREAST-33328-17-SegImage.png Convert to (256,256)
INFO:root:File Data\ISPY1\Mask\ISPY1_1156-05-24-1987-BREAST-33328-18-SegImage.png Convert to (256,256)
INFO:root:File Data\ISPY1\Mask\ISPY1_1156-05-24-1987-BREAST-33328-19-SegImage.png Convert to (256,256)
INFO:root:File Data\ISPY1\Mask\ISPY1_1156-05-24-1987-BREAST-33328-20-SegImage.png Convert to (256,256)
INFO:root:File Data\ISPY1\Mask\ISPY1_1156-05-24-1987-BREAST-33328-21-SegImage.png Convert to (256,256)
INFO:root:File Data\ISPY1\Mask\ISPY1_1156-05-24-1987-BREAST-33328-22-SegImage.png Convert to (256,256)
INFO:root:File Data\ISPY1\Mask\ISPY1_1156-05-24-1987-BREAST-33328-23-SegImage.png Convert to (256,256)
INFO:root:File Data\ISPY1\Mask\ISPY1_1156-05-24-1987-BREAST-33328-24-SegImage.png Convert to (256,256)
INFO:root:File Data\ISPY1\Mask\ISPY1_1156-05-24-1987-BREAST-33328-25-SegImage.png Convert to (256,256)
INFO:root:File Data\ISPY1\Mask\ISPY1_1156-05-24-1987-BREAST-33328-26-SegImage.png Convert to (256,256)
INFO:root:File Data\ISPY1\Mask\ISPY1_1156-05-24-1987-BREAST-33328-27-SegImage.png Convert to (256,256)
INFO:root:File Data\ISPY1\Mask\ISPY1_1156-05-24-1987-BREAST-33328-28-SegImage.png Convert to (256,256)
INFO:root:File Data\ISPY1\Mask\ISPY1_1156-05-24-1987-BREAST-33328-29-SegImage.png Convert to (256,256)
INFO:root:File Data\ISPY1\Mask\ISPY1_1156-05-24-1987-BREAST-33328-30-SegImage.png Convert to (256,256)
INFO:root:File Data\ISPY1\Mask\ISPY1_1156-05-24-1987-BREAST-33328-31-SegImage.png Convert to (256,256)
INFO:root:File Data\ISPY1\Mask\ISPY1_1156-05-24-1987-BREAST-33328-32-SegImage.png Convert to (256,256)
INFO:root:File Data\ISPY1\Mask\ISPY1_1169-08-30-1987-BREAST -73975-10-SegImage.png Convert to (256,256)
INFO:root:File Data\ISPY1\Mask\ISPY1_1169-08-30-1987-BREAST -73975-11-SegImage.png Convert to (256,256)
INFO:root:File Data\ISPY1\Mask\ISPY1_1169-08-30-1987-BREAST -73975-12-SegImage.png Convert to (256,256)
INFO:root:File Data\ISPY1\Mask\ISPY1_1169-08-30-1987-BREAST -73975-13-SegImage.png Convert to (256,256)
INFO:root:File Data\ISPY1\Mask\ISPY1_1169-08-30-1987-BREAST -73975-14-SegImage.png Convert to (256,256)
INFO:root:File Data\ISPY1\Mask\ISPY1_1169-08-30-1987-BREAST -73975-15-SegImage.png Convert to (256,256)
INFO:root:File Data\ISPY1\Mask\ISPY1_1169-08-30-1987-BREAST -73975-16-SegImage.png Convert to (256,256)
INFO:root:File Data\ISPY1\Mask\ISPY1_1169-08-30-1987-BREAST -73975-17-SegImage.png Convert to (256,256)
INFO:root:File Data\ISPY1\Mask\ISPY1_1169-08-30-1987-BREAST -73975-18-SegImage.png Convert to (256,256)
INFO:root:File Data\ISPY1\Mask\ISPY1_1169-08-30-1987-BREAST -73975-19-SegImage.png Convert to (256,256)
INFO:root:File Data\ISPY1\Mask\ISPY1_1169-08-30-1987-BREAST -73975-20-SegImage.png Convert to (256,256)
INFO:root:File Data\ISPY1\Mask\ISPY1_1169-08-30-1987-BREAST -73975-21-SegImage.png Convert to (256,256)
INFO:root:File Data\ISPY1\Mask\ISPY1_1169-08-30-1987-BREAST -73975-22-SegImage.png Convert to (256,256)
INFO:root:File Data\ISPY1\Mask\ISPY1_1169-08-30-1987-BREAST -73975-23-SegImage.png Convert to (256,256)
INFO:root:File Data\ISPY1\Mask\ISPY1_1169-08-30-1987-BREAST -73975-24-SegImage.png Convert to (256,256)
INFO:root:File Data\ISPY1\Mask\ISPY1_1169-08-30-1987-BREAST -73975-25-SegImage.png Convert to (256,256)
INFO:root:File Data\ISPY1\Mask\ISPY1_1169-08-30-1987-BREAST -73975-26-SegImage.png Convert to (256,256)
INFO:root:File Data\ISPY1\Mask\ISPY1_1169-08-30-1987-BREAST -73975-27-SegImage.png Convert to (256,256)
INFO:root:File Data\ISPY1\Mask\ISPY1_1169-08-30-1987-BREAST -73975-28-SegImage.png Convert to (256,256)
INFO:root:File Data\ISPY1\Mask\ISPY1_1169-08-30-1987-BREAST -73975-29-SegImage.png Convert to (256,256)
INFO:root:File Data\ISPY1\Mask\ISPY1_1169-08-30-1987-BREAST -73975-30-SegImage.png Convert to (256,256)
INFO:root:File Data\ISPY1\Mask\ISPY1_1169-08-30-1987-BREAST -73975-31-SegImage.png Convert to (256,256)
INFO:root:File Data\ISPY1\Mask\ISPY1_1169-08-30-1987-BREAST -73975-32-SegImage.png Convert to (256,256)
INFO:root:File Data\ISPY1\Mask\ISPY1_1169-08-30-1987-BREAST -73975-8-SegImage.png Convert to (256,256)
INFO:root:File Data\ISPY1\Mask\ISPY1_1169-08-30-1987-BREAST -73975-9-SegImage.png Convert to (256,256)
INFO:root:File Data\ISPY1\Mask\ISPY1_1183-11-08-1987-BREAST -13450-10-SegImage.png Convert to (256,256)
INFO:root:File Data\ISPY1\Mask\ISPY1_1183-11-08-1987-BREAST -13450-11-SegImage.png Convert to (256,256)
INFO:root:File Data\ISPY1\Mask\ISPY1_1183-11-08-1987-BREAST -13450-12-SegImage.png Convert to (256,256)
INFO:root:File Data\ISPY1\Mask\ISPY1_1183-11-08-1987-BREAST -13450-13-SegImage.png Convert to (256,256)
INFO:root:File Data\ISPY1\Mask\ISPY1_1183-11-08-1987-BREAST -13450-14-SegImage.png Convert to (256,256)
INFO:root:File Data\ISPY1\Mask\ISPY1_1183-11-08-1987-BREAST -13450-15-SegImage.png Convert to (256,256)
INFO:root:File Data\ISPY1\Mask\ISPY1_1183-11-08-1987-BREAST -13450-16-SegImage.png Convert to (256,256)
INFO:root:File Data\ISPY1\Mask\ISPY1_1183-11-08-1987-BREAST -13450-17-SegImage.png Convert to (256,256)
INFO:root:File Data\ISPY1\Mask\ISPY1_1183-11-08-1987-BREAST -13450-18-SegImage.png Convert to (256,256)
INFO:root:File Data\ISPY1\Mask\ISPY1_1183-11-08-1987-BREAST -13450-19-SegImage.png Convert to (256,256)
INFO:root:File Data\ISPY1\Mask\ISPY1_1183-11-08-1987-BREAST -13450-20-SegImage.png Convert to (256,256)
INFO:root:File Data\ISPY1\Mask\ISPY1_1183-11-08-1987-BREAST -13450-21-SegImage.png Convert to (256,256)
INFO:root:File Data\ISPY1\Mask\ISPY1_1183-11-08-1987-BREAST -13450-22-SegImage.png Convert to (256,256)
INFO:root:File Data\ISPY1\Mask\ISPY1_1183-11-08-1987-BREAST -13450-23-SegImage.png Convert to (256,256)
INFO:root:File Data\ISPY1\Mask\ISPY1_1183-11-08-1987-BREAST -13450-24-SegImage.png Convert to (256,256)
INFO:root:File Data\ISPY1\Mask\ISPY1_1183-11-08-1987-BREAST -13450-25-SegImage.png Convert to (256,256)
INFO:root:File Data\ISPY1\Mask\ISPY1_1183-11-08-1987-BREAST -13450-26-SegImage.png Convert to (256,256)
INFO:root:File Data\ISPY1\Mask\ISPY1_1183-11-08-1987-BREAST -13450-27-SegImage.png Convert to (256,256)
INFO:root:File Data\ISPY1\Mask\ISPY1_1183-11-08-1987-BREAST -13450-28-SegImage.png Convert to (256,256)
INFO:root:File Data\ISPY1\Mask\ISPY1_1183-11-08-1987-BREAST -13450-29-SegImage.png Convert to (256,256)
INFO:root:File Data\ISPY1\Mask\ISPY1_1183-11-08-1987-BREAST -13450-30-SegImage.png Convert to (256,256)
INFO:root:File Data\ISPY1\Mask\ISPY1_1183-11-08-1987-BREAST -13450-31-SegImage.png Convert to (256,256)
INFO:root:File Data\ISPY1\Mask\ISPY1_1183-11-08-1987-BREAST -13450-32-SegImage.png Convert to (256,256)
INFO:root:File Data\ISPY1\Mask\ISPY1_1183-11-08-1987-BREAST -13450-33-SegImage.png Convert to (256,256)
INFO:root:File Data\ISPY1\Mask\ISPY1_1183-11-08-1987-BREAST -13450-34-SegImage.png Convert to (256,256)
INFO:root:File Data\ISPY1\Mask\ISPY1_1183-11-08-1987-BREAST -13450-35-SegImage.png Convert to (256,256)
INFO:root:File Data\ISPY1\Mask\ISPY1_1183-11-08-1987-BREAST -13450-36-SegImage.png Convert to (256,256)
INFO:root:File Data\ISPY1\Mask\ISPY1_1183-11-08-1987-BREAST -13450-37-SegImage.png Convert to (256,256)
INFO:root:File Data\ISPY1\Mask\ISPY1_1183-11-08-1987-BREAST -13450-38-SegImage.png Convert to (256,256)
INFO:root:File Data\ISPY1\Mask\ISPY1_1183-11-08-1987-BREAST -13450-39-SegImage.png Convert to (256,256)
INFO:root:File Data\ISPY1\Mask\ISPY1_1183-11-08-1987-BREAST -13450-40-SegImage.png Convert to (256,256)
